Case #1: 4
Case #2: 0.214286
Case #3: 0.0175439
Case #4: 0.64
Case #5: 0.823529
Case #6: 1e+06
Case #7: 0.222222
Case #8: 0.269231
Case #9: 0.466667
Case #10: 0.672727
Case #11: 0.156863
Case #12: 0.339623
Case #13: 0.0481928
Case #14: -1
Case #15: 0.833333
Case #16: 0.903846
Case #17: 0.138889
Case #18: 0.0121951
Case #19: 0.0731707
Case #20: 0.711538
Case #21: 0.198307
Case #22: 0.111111
Case #23: 0.807692
Case #24: 0.862745
Case #25: 0.5
Case #26: 0.54717
Case #27: 0.87037
Case #28: 0.0206186
Case #29: 1e-06
Case #30: 0.2
Case #31: 0.195122
Case #32: 0.86
Case #33: 0.235294
Case #34: 0.571429
Case #35: 0.6
Case #36: 0.769231
Case #37: 0.393443
Case #38: 0.3
Case #39: 0.12
Case #40: 0.807018
Case #41: 0.75
Case #42: 0.639344
Case #43: 6
Case #44: 6
Case #45: 0.72
Case #46: 0.464286
Case #47: 1.11085
Case #48: 0.762712
Case #49: 0.321429
Case #50: 0.0178571
Case #51: 5
Case #52: 1.99834
Case #53: 2
Case #54: 0.046875
Case #55: -1
Case #56: 0.367647
Case #57: 0.537037
Case #58: 0.516129
Case #59: 0.0333333
Case #60: 0.754717
Case #61: 2
Case #62: 5
Case #63: 7.8213e-05
Case #64: 0.0117647
Case #65: 0.0704225
Case #66: 0.603774
Case #67: 0.046875
Case #68: 0.625
Case #69: 0.238806
Case #70: 0.34
Case #71: 1.5
Case #72: 0.43662
Case #73: 0.0289855
Case #74: 0.566038
Case #75: 5
Case #76: 4
Case #77: 0.178571
Case #78: 0.525424
Case #79: 2
Case #80: 0.266667
Case #81: 2
Case #82: 3
Case #83: 0.6
Case #84: 0.046875
Case #85: 0.722222
Case #86: 0.555556
Case #87: 2
Case #88: 2.9063e-05
Case #89: 0.627451
Case #90: 0.740741
Case #91: 0.847458
Case #92: 0.9
Case #93: 0.508772
Case #94: 0.714286
Case #95: 7
